# JRE version: 7.0_05-b05
# Java VM: Java HotSpot(TM) Client VM (23.1-b03 mixed mode, sharing windows-x86 )
Heap
 def new generation   total 4928K, used 677K [0x24410000, 0x24960000, 0x29960000)
  eden space 4416K,   3% used [0x24410000, 0x24439568, 0x24860000)
  from space 512K,  99% used [0x24860000, 0x248dfff8, 0x248e0000)
  to   space 512K,   0% used [0x248e0000, 0x248e0000, 0x24960000)
 tenured generation   total 10944K, used 3904K [0x29960000, 0x2a410000, 0x34410000)
   the space 10944K,  35% used [0x29960000, 0x29d30140, 0x29d30200, 0x2a410000)
 compacting perm gen  total 12288K, used 3823K [0x34410000, 0x35010000, 0x38410000)
   the space 12288K,  31% used [0x34410000, 0x347cbd08, 0x347cbe00, 0x35010000)
    ro space 10240K,  42% used [0x38410000, 0x3884e580, 0x3884e600, 0x38e10000)
    rw space 12288K,  54% used [0x38e10000, 0x3948f128, 0x3948f200, 0x39a10000)
GC Heap History (10 events):
Event: 0.228 GC heap before
{Heap before GC invocations=1 (full 0):
 def new generation   total 4928K, used 4928K [0x24410000, 0x24960000, 0x29960000)
  eden space 4416K, 100% used [0x24410000, 0x24860000, 0x24860000)
  from space 512K, 100% used [0x248e0000, 0x24960000, 0x24960000)
  to   space 512K,   0% used [0x24860000, 0x24860000, 0x248e0000)
 tenured generation   total 10944K, used 684K [0x29960000, 0x2a410000, 0x34410000)
   the space 10944K,   6% used [0x29960000, 0x29a0b318, 0x29a0b400, 0x2a410000)
 compacting perm gen  total 12288K, used 1549K [0x34410000, 0x35010000, 0x38410000)
   the space 12288K,  12% used [0x34410000, 0x345934f8, 0x34593600, 0x35010000)
    ro space 10240K,  42% used [0x38410000, 0x3884e580, 0x3884e600, 0x38e10000)
    rw space 12288K,  54% used [0x38e10000, 0x3948f128, 0x3948f200, 0x39a10000)
Event: 0.232 GC heap after
Heap after GC invocations=2 (full 0):
 def new generation   total 4928K, used 511K [0x24410000, 0x24960000, 0x29960000)
  eden space 4416K,   0% used [0x24410000, 0x24410000, 0x24860000)
  from space 512K,  99% used [0x24860000, 0x248dfff8, 0x248e0000)
  to   space 512K,   0% used [0x248e0000, 0x248e0000, 0x24960000)
 tenured generation   total 10944K, used 1513K [0x29960000, 0x2a410000, 0x34410000)
   the space 10944K,  13% used [0x29960000, 0x29ada6c0, 0x29ada800, 0x2a410000)
 compacting perm gen  total 12288K, used 1549K [0x34410000, 0x35010000, 0x38410000)
   the space 12288K,  12% used [0x34410000, 0x345934f8, 0x34593600, 0x35010000)
    ro space 10240K,  42% used [0x38410000, 0x3884e580, 0x3884e600, 0x38e10000)
    rw space 12288K,  54% used [0x38e10000, 0x3948f128, 0x3948f200, 0x39a10000)
}
Event: 0.305 GC heap before
{Heap before GC invocations=2 (full 0):
 def new generation   total 4928K, used 4927K [0x24410000, 0x24960000, 0x29960000)
  eden space 4416K, 100% used [0x24410000, 0x24860000, 0x24860000)
  from space 512K,  99% used [0x24860000, 0x248dfff8, 0x248e0000)
  to   space 512K,   0% used [0x248e0000, 0x248e0000, 0x24960000)
 tenured generation   total 10944K, used 1513K [0x29960000, 0x2a410000, 0x34410000)
   the space 10944K,  13% used [0x29960000, 0x29ada6c0, 0x29ada800, 0x2a410000)
 compacting perm gen  total 12288K, used 2143K [0x34410000, 0x35010000, 0x38410000)
   the space 12288K,  17% used [0x34410000, 0x34627e30, 0x34628000, 0x35010000)
    ro space 10240K,  42% used [0x38410000, 0x3884e580, 0x3884e600, 0x38e10000)
    rw space 12288K,  54% used [0x38e10000, 0x3948f128, 0x3948f200, 0x39a10000)
Event: 0.308 GC heap after
Heap after GC invocations=3 (full 0):
 def new generation   total 4928K, used 512K [0x24410000, 0x24960000, 0x29960000)
  eden space 4416K,   0% used [0x24410000, 0x24410000, 0x24860000)
  from space 512K, 100% used [0x248e0000, 0x24960000, 0x24960000)
  to   space 512K,   0% used [0x24860000, 0x24860000, 0x248e0000)
 tenured generation   total 10944K, used 2285K [0x29960000, 0x2a410000, 0x34410000)
   the space 10944K,  20% used [0x29960000, 0x29b9b6a0, 0x29b9b800, 0x2a410000)
 compacting perm gen  total 12288K, used 2143K [0x34410000, 0x35010000, 0x38410000)
   the space 12288K,  17% used [0x34410000, 0x34627e30, 0x34628000, 0x35010000)
    ro space 10240K,  42% used [0x38410000, 0x3884e580, 0x3884e600, 0x38e10000)
    rw space 12288K,  54% used [0x38e10000, 0x3948f128, 0x3948f200, 0x39a10000)
}
Event: 0.410 GC heap before
{Heap before GC invocations=3 (full 0):
 def new generation   total 4928K, used 4928K [0x24410000, 0x24960000, 0x29960000)
  eden space 4416K, 100% used [0x24410000, 0x24860000, 0x24860000)
  from space 512K, 100% used [0x248e0000, 0x24960000, 0x24960000)
  to   space 512K,   0% used [0x24860000, 0x24860000, 0x248e0000)
 tenured generation   total 10944K, used 2285K [0x29960000, 0x2a410000, 0x34410000)
   the space 10944K,  20% used [0x29960000, 0x29b9b6a0, 0x29b9b800, 0x2a410000)
 compacting perm gen  total 12288K, used 2676K [0x34410000, 0x35010000, 0x38410000)
   the space 12288K,  21% used [0x34410000, 0x346ad130, 0x346ad200, 0x35010000)
    ro space 10240K,  42% used [0x38410000, 0x3884e580, 0x3884e600, 0x38e10000)
    rw space 12288K,  54% used [0x38e10000, 0x3948f128, 0x3948f200, 0x39a10000)
Event: 0.413 GC heap after
Heap after GC invocations=4 (full 0):
 def new generation   total 4928K, used 511K [0x24410000, 0x24960000, 0x29960000)
  eden space 4416K,   0% used [0x24410000, 0x24410000, 0x24860000)
  from space 512K,  99% used [0x24860000, 0x248dfff8, 0x248e0000)
  to   space 512K,   0% used [0x248e0000, 0x248e0000, 0x24960000)
 tenured generation   total 10944K, used 2806K [0x29960000, 0x2a410000, 0x34410000)
   the space 10944K,  25% used [0x29960000, 0x29c1dae8, 0x29c1dc00, 0x2a410000)
 compacting perm gen  total 12288K, used 2676K [0x34410000, 0x35010000, 0x38410000)
   the space 12288K,  21% used [0x34410000, 0x346ad130, 0x346ad200, 0x35010000)
    ro space 10240K,  42% used [0x38410000, 0x3884e580, 0x3884e600, 0x38e10000)
    rw space 12288K,  54% used [0x38e10000, 0x3948f128, 0x3948f200, 0x39a10000)
}
Event: 0.480 GC heap before
{Heap before GC invocations=4 (full 0):
 def new generation   total 4928K, used 4927K [0x24410000, 0x24960000, 0x29960000)
  eden space 4416K, 100% used [0x24410000, 0x24860000, 0x24860000)
  from space 512K,  99% used [0x24860000, 0x248dfff8, 0x248e0000)
  to   space 512K,   0% used [0x248e0000, 0x248e0000, 0x24960000)
 tenured generation   total 10944K, used 2806K [0x29960000, 0x2a410000, 0x34410000)
   the space 10944K,  25% used [0x29960000, 0x29c1dae8, 0x29c1dc00, 0x2a410000)
 compacting perm gen  total 12288K, used 2960K [0x34410000, 0x35010000, 0x38410000)
   the space 12288K,  24% used [0x34410000, 0x346f4028, 0x346f4200, 0x35010000)
    ro space 10240K,  42% used [0x38410000, 0x3884e580, 0x3884e600, 0x38e10000)
    rw space 12288K,  54% used [0x38e10000, 0x3948f128, 0x3948f200, 0x39a10000)
Event: 0.482 GC heap after
Heap after GC invocations=5 (full 0):
 def new generation   total 4928K, used 485K [0x24410000, 0x24960000, 0x29960000)
  eden space 4416K,   0% used [0x24410000, 0x24410000, 0x24860000)
  from space 512K,  94% used [0x248e0000, 0x24959430, 0x24960000)
  to   space 512K,   0% used [0x24860000, 0x24860000, 0x248e0000)
 tenured generation   total 10944K, used 3057K [0x29960000, 0x2a410000, 0x34410000)
   the space 10944K,  27% used [0x29960000, 0x29c5c6f8, 0x29c5c800, 0x2a410000)
 compacting perm gen  total 12288K, used 2960K [0x34410000, 0x35010000, 0x38410000)
   the space 12288K,  24% used [0x34410000, 0x346f4028, 0x346f4200, 0x35010000)
    ro space 10240K,  42% used [0x38410000, 0x3884e580, 0x3884e600, 0x38e10000)
    rw space 12288K,  54% used [0x38e10000, 0x3948f128, 0x3948f200, 0x39a10000)
}
Event: 0.563 GC heap before
{Heap before GC invocations=5 (full 0):
 def new generation   total 4928K, used 4901K [0x24410000, 0x24960000, 0x29960000)
  eden space 4416K, 100% used [0x24410000, 0x24860000, 0x24860000)
  from space 512K,  94% used [0x248e0000, 0x24959430, 0x24960000)
  to   space 512K,   0% used [0x24860000, 0x24860000, 0x248e0000)
 tenured generation   total 10944K, used 3057K [0x29960000, 0x2a410000, 0x34410000)
   the space 10944K,  27% used [0x29960000, 0x29c5c6f8, 0x29c5c800, 0x2a410000)
 compacting perm gen  total 12288K, used 3787K [0x34410000, 0x35010000, 0x38410000)
   the space 12288K,  30% used [0x34410000, 0x347c2fa8, 0x347c3000, 0x35010000)
    ro space 10240K,  42% used [0x38410000, 0x3884e580, 0x3884e600, 0x38e10000)
    rw space 12288K,  54% used [0x38e10000, 0x3948f128, 0x3948f200, 0x39a10000)
Event: 0.566 GC heap after
Heap after GC invocations=6 (full 0):
 def new generation   total 4928K, used 511K [0x24410000, 0x24960000, 0x29960000)
  eden space 4416K,   0% used [0x24410000, 0x24410000, 0x24860000)
  from space 512K,  99% used [0x24860000, 0x248dfff8, 0x248e0000)
  to   space 512K,   0% used [0x248e0000, 0x248e0000, 0x24960000)
 tenured generation   total 10944K, used 3904K [0x29960000, 0x2a410000, 0x34410000)
   the space 10944K,  35% used [0x29960000, 0x29d30140, 0x29d30200, 0x2a410000)
 compacting perm gen  total 12288K, used 3787K [0x34410000, 0x35010000, 0x38410000)
   the space 12288K,  30% used [0x34410000, 0x347c2fa8, 0x347c3000, 0x35010000)
    ro space 10240K,  42% used [0x38410000, 0x3884e580, 0x3884e600, 0x38e10000)
    rw space 12288K,  54% used [0x38e10000, 0x3948f128, 0x3948f200, 0x39a10000)
}

